[2026-02-12T05:04:31.889Z] User jivi (698d5c8ddc1fbaa03e8a28e9) - Violations: 0 -> 1
[2026-02-12T05:04:31.896Z] SAVE SUCCESS
[2026-02-12T05:04:39.077Z] User jivi (698d5c8ddc1fbaa03e8a28e9) - Violations: 1 -> 2
[2026-02-12T05:04:39.079Z] User jivi (698d5c8ddc1fbaa03e8a28e9) - Violations: 1 -> 2
[2026-02-12T05:04:39.081Z] SAVE SUCCESS
[2026-02-12T05:04:39.082Z] SAVE SUCCESS
[2026-02-12T05:04:59.435Z] User jivi (698d5c8ddc1fbaa03e8a28e9) - Violations: 2 -> 3
[2026-02-12T05:04:59.435Z] User jivi DISQUALIFIED
[2026-02-12T05:04:59.437Z] SAVE SUCCESS
[2026-02-12T05:05:48.599Z] User bae (698d5f9a31bec49570bf961e) - Violations: 0 -> 1
[2026-02-12T05:05:48.601Z] SAVE SUCCESS
[2026-02-12T05:06:00.747Z] User bae (698d5f9a31bec49570bf961e) - Violations: 1 -> 2
[2026-02-12T05:06:00.750Z] SAVE SUCCESS
[2026-02-12T05:07:05.365Z] User bae (698d5f9a31bec49570bf961e) - Violations: 2 -> 3
[2026-02-12T05:07:05.366Z] User bae DISQUALIFIED
[2026-02-12T05:07:05.368Z] SAVE SUCCESS
[2026-02-12T05:17:05.156Z] User bae (698d623a31bec49570bf9773) - Violations: 0 -> 1
[2026-02-12T05:17:05.159Z] SAVE SUCCESS
[2026-02-12T05:17:05.183Z] User bae (698d623a31bec49570bf9773) - Violations: 1 -> 2
[2026-02-12T05:17:05.185Z] SAVE SUCCESS
[2026-02-12T05:18:08.886Z] User bae1 (698d626b31bec49570bf97c3) - Violations: 0 -> 1
[2026-02-12T05:18:08.888Z] SAVE SUCCESS
[2026-02-12T05:18:08.918Z] User bae1 (698d626b31bec49570bf97c3) - Violations: 1 -> 2
[2026-02-12T05:18:08.920Z] SAVE SUCCESS
[2026-02-12T05:18:54.096Z] User esther (698d62a931bec49570bf9820) - Violations: 0 -> 1
[2026-02-12T05:18:54.098Z] SAVE SUCCESS
[2026-02-12T05:18:54.115Z] User esther (698d62a931bec49570bf9820) - Violations: 1 -> 2
[2026-02-12T05:18:54.117Z] SAVE SUCCESS
[2026-02-12T05:52:49.696Z] User naveen k m (698d6aa031bec49570bf9b3b) - Violations: 0 -> 1
[2026-02-12T05:52:49.698Z] SAVE SUCCESS
[2026-02-12T05:53:11.404Z] User naveen k m (698d6aa031bec49570bf9b3b) - Violations: 1 -> 2
[2026-02-12T05:53:11.405Z] SAVE SUCCESS
[2026-02-12T05:53:14.411Z] User sujith m (698d6abb31bec49570bf9bf4) - Violations: 0 -> 1
[2026-02-12T05:53:14.414Z] SAVE SUCCESS
[2026-02-12T05:53:21.579Z] User thilak vr (698d6aca31bec49570bf9cd1) - Violations: 0 -> 1
[2026-02-12T05:53:21.581Z] SAVE SUCCESS
[2026-02-12T05:53:22.590Z] User pranav67 (698d6ac931bec49570bf9cb6) - Violations: 0 -> 1
[2026-02-12T05:53:22.593Z] SAVE SUCCESS
[2026-02-12T05:53:26.922Z] User ajithkumar m (698d6aca31bec49570bf9cce) - Violations: 0 -> 1
[2026-02-12T05:53:26.924Z] SAVE SUCCESS
[2026-02-12T05:53:30.379Z] User sujith m (698d6abb31bec49570bf9bf4) - Violations: 1 -> 2
[2026-02-12T05:53:30.381Z] SAVE SUCCESS
[2026-02-12T05:53:33.282Z] User sanjaykumar r (698d6acc31bec49570bf9cdc) - Violations: 0 -> 1
[2026-02-12T05:53:33.283Z] SAVE SUCCESS
[2026-02-12T05:53:53.234Z] User sujith m (698d6abb31bec49570bf9bf4) - Violations: 2 -> 3
[2026-02-12T05:53:53.235Z] User sujith m DISQUALIFIED
[2026-02-12T05:53:53.236Z] SAVE SUCCESS
[2026-02-12T05:53:54.182Z] User thilak vr (698d6aca31bec49570bf9cd1) - Violations: 1 -> 2
[2026-02-12T05:53:54.183Z] SAVE SUCCESS
[2026-02-12T05:54:05.281Z] User sanjaykumar r (698d6acc31bec49570bf9cdc) - Violations: 1 -> 2
[2026-02-12T05:54:05.283Z] SAVE SUCCESS
[2026-02-12T05:54:34.333Z] User sanjaykumar r (698d6acc31bec49570bf9cdc) - Violations: 2 -> 3
[2026-02-12T05:54:34.334Z] User sanjaykumar r DISQUALIFIED
[2026-02-12T05:54:34.335Z] SAVE SUCCESS
[2026-02-12T05:55:02.692Z] User leghasri (698d6b2b31bec49570bfa180) - Violations: 0 -> 1
[2026-02-12T05:55:02.696Z] SAVE SUCCESS
[2026-02-12T05:55:11.265Z] User hariharamugundhan k.s (698d6b0131bec49570bf9ff2) - Violations: 0 -> 1
[2026-02-12T05:55:11.267Z] SAVE SUCCESS
[2026-02-12T05:55:23.362Z] User skarthika (698d6b2f31bec49570bfa18d) - Violations: 0 -> 1
[2026-02-12T05:55:23.364Z] SAVE SUCCESS
[2026-02-12T05:57:02.004Z] User manikandan.v (698d6b6d31bec49570bfa45d) - Violations: 0 -> 1
[2026-02-12T05:57:02.005Z] SAVE SUCCESS
[2026-02-12T05:57:33.823Z] User nanthanashrimoorthi (698d6b0331bec49570bf9ffa) - Violations: 0 -> 1
[2026-02-12T05:57:33.827Z] SAVE SUCCESS
[2026-02-12T05:57:51.891Z] User sanjaykumar (698d6b6c31bec49570bfa453) - Violations: 0 -> 1
[2026-02-12T05:57:51.895Z] SAVE SUCCESS
[2026-02-12T06:00:22.307Z] User skarthika (698d6b2f31bec49570bfa18d) - Violations: 1 -> 2
[2026-02-12T06:00:22.310Z] SAVE SUCCESS
[2026-02-12T06:05:27.650Z] User sanjit (698d6aaa31bec49570bf9b73) - Violations: 0 -> 1
[2026-02-12T06:05:27.652Z] SAVE SUCCESS
[2026-02-12T06:17:14.881Z] User dinesh (698d6ae931bec49570bf9e1a) - Violations: 0 -> 1
[2026-02-12T06:17:14.883Z] SAVE SUCCESS
[2026-02-12T06:24:14.553Z] User neha m m (698d6ac931bec49570bf9ca1) - Violations: 0 -> 1
[2026-02-12T06:24:14.555Z] SAVE SUCCESS
[2026-02-12T06:24:17.373Z] User hariharamugundhan k.s (698d6b0131bec49570bf9ff2) - Violations: 1 -> 2
[2026-02-12T06:24:17.375Z] SAVE SUCCESS
[2026-02-12T06:24:18.736Z] User manikandan.v (698d6b6d31bec49570bfa45d) - Violations: 1 -> 2
[2026-02-12T06:24:18.738Z] SAVE SUCCESS
[2026-02-12T06:24:45.110Z] User karthick (698d6ab131bec49570bf9bac) - Violations: 0 -> 1
[2026-02-12T06:24:45.113Z] SAVE SUCCESS
[2026-02-12T06:56:19.312Z] User rithikaa (698d798431bec49570bffeb4) - Violations: 0 -> 1
[2026-02-12T06:56:19.315Z] SAVE SUCCESS
[2026-02-12T06:58:46.599Z] User indhiran s (698d762731bec49570bfe963) - Violations: 0 -> 1
[2026-02-12T06:58:46.600Z] SAVE SUCCESS
[2026-02-12T06:59:22.464Z] User indhiran s (698d762731bec49570bfe963) - Violations: 1 -> 2
[2026-02-12T06:59:22.466Z] SAVE SUCCESS
[2026-02-12T07:00:03.471Z] User indhiran s (698d762731bec49570bfe963) - Violations: 2 -> 3
[2026-02-12T07:00:03.472Z] User indhiran s DISQUALIFIED
[2026-02-12T07:00:03.473Z] SAVE SUCCESS
[2026-02-12T07:04:26.010Z] User indhiran (698d7ac631bec49570c00854) - Violations: 0 -> 1
[2026-02-12T07:04:26.013Z] SAVE SUCCESS
[2026-02-12T07:13:33.441Z] User indhiran (698d7ac631bec49570c00854) - Violations: 1 -> 2
[2026-02-12T07:13:33.446Z] SAVE SUCCESS
[2026-02-12T07:14:50.716Z] User indhiran (698d7ac631bec49570c00854) - Violations: 2 -> 3
[2026-02-12T07:14:50.716Z] User indhiran DISQUALIFIED
[2026-02-12T07:14:50.718Z] SAVE SUCCESS
[2026-02-12T07:15:01.512Z] User dharaneesh n (698d767a31bec49570bfea38) - Violations: 0 -> 1
[2026-02-12T07:15:01.514Z] SAVE SUCCESS
[2026-02-12T07:15:06.649Z] User praveena s j (698d764d31bec49570bfe9f9) - Violations: 0 -> 1
[2026-02-12T07:15:06.651Z] SAVE SUCCESS
[2026-02-12T07:15:21.082Z] User varsha k s (698d77b031bec49570bff207) - Violations: 0 -> 1
[2026-02-12T07:15:21.083Z] SAVE SUCCESS
[2026-02-12T07:15:25.875Z] User anand005 (698d763031bec49570bfe97b) - Violations: 0 -> 1
[2026-02-12T07:15:25.880Z] SAVE SUCCESS
[2026-02-12T07:15:37.737Z] User pooja g (698d763131bec49570bfe982) - Violations: 0 -> 1
[2026-02-12T07:15:37.738Z] SAVE SUCCESS
[2026-02-12T07:25:04.308Z] User rithikaa (698d798431bec49570bffeb4) - Violations: 1 -> 2
[2026-02-12T07:25:04.312Z] SAVE SUCCESS
[2026-02-12T07:25:42.458Z] User vandhana (698d799f31bec49570bfffec) - Violations: 0 -> 1
[2026-02-12T07:25:42.461Z] SAVE SUCCESS
[2026-02-12T07:25:55.688Z] User pavithra s (698d799c31bec49570bfffbd) - Violations: 0 -> 1
[2026-02-12T07:25:55.690Z] SAVE SUCCESS
[2026-02-12T07:26:27.001Z] User shreya (698d799431bec49570bfff80) - Violations: 0 -> 1
[2026-02-12T07:26:27.003Z] SAVE SUCCESS
[2026-02-13T08:41:28.696Z] User jivi (698ee2026e766b69d409a6fd) - Violations: 0 -> 1
[2026-02-13T08:41:28.703Z] SAVE SUCCESS
